This file contains any messages produced by compilers while
running configure, to aid debugging if configure makes a mistake.

It was created by configure, which was
generated by GNU Autoconf 2.69.  Invocation command line was

  $ ./configure --with-imagick=/opt/local

## --------- ##
## Platform. ##
## --------- ##

hostname = d4d75a44f5d7
uname -m = x86_64
uname -r = 4.9.184-linuxkit
uname -s = Linux
uname -v = #1 SMP Tue Jul 2 22:58:16 UTC 2019

/usr/bin/uname -p = unknown
/bin/uname -X     = unknown

/bin/arch              = unknown
/usr/bin/arch -k       = unknown
/usr/convex/getsysinfo = unknown
/usr/bin/hostinfo      = unknown
/bin/machine           = unknown
/usr/bin/oslevel       = unknown
/bin/universe          = unknown

PATH: /usr/local/sbin
PATH: /usr/local/bin
PATH: /usr/sbin
PATH: /usr/bin
PATH: /sbin
PATH: /bin


## ----------- ##
## Core tests. ##
## ----------- ##

configure:2307: checking for grep that handles long lines and -e
configure:2365: result: /bin/grep
configure:2370: checking for egrep
configure:2432: result: /bin/grep -E
configure:2437: checking for a sed that does not truncate output
configure:2491: result: /bin/sed
configure:2628: checking for cc
configure:2644: found /usr/bin/cc
configure:2655: result: cc
configure:2686: checking for C compiler version
configure:2695: cc --version >&5
cc (Debian 6.3.0-18+deb9u1) 6.3.0 20170516
Copyright (C) 2016 Free Software Foundation, Inc.
This is free software; see the source for copying conditions.  There is NO
warranty; not even for MERCHANTABILITY or FITNESS FOR A PARTICULAR PURPOSE.

configure:2706: $? = 0
configure:2695: cc -v >&5
Using built-in specs.
COLLECT_GCC=cc
COLLECT_LTO_WRAPPER=/usr/lib/gcc/x86_64-linux-gnu/6/lto-wrapper
Target: x86_64-linux-gnu
Configured with: ../src/configure -v --with-pkgversion='Debian 6.3.0-18+deb9u1' --with-bugurl=file:///usr/share/doc/gcc-6/README.Bugs --enable-languages=c,ada,c++,java,go,d,fortran,objc,obj-c++ --prefix=/usr --program-suffix=-6 --program-prefix=x86_64-linux-gnu- --enable-shared --enable-linker-build-id --libexecdir=/usr/lib --without-included-gettext --enable-threads=posix --libdir=/usr/lib --enable-nls --with-sysroot=/ --enable-clocale=gnu --enable-libstdcxx-debug --enable-libstdcxx-time=yes --with-default-libstdcxx-abi=new --enable-gnu-unique-object --disable-vtable-verify --enable-libmpx --enable-plugin --enable-default-pie --with-system-zlib --disable-browser-plugin --enable-java-awt=gtk --enable-gtk-cairo --with-java-home=/usr/lib/jvm/java-1.5.0-gcj-6-amd64/jre --enable-java-home --with-jvm-root-dir=/usr/lib/jvm/java-1.5.0-gcj-6-amd64 --with-jvm-jar-dir=/usr/lib/jvm-exports/java-1.5.0-gcj-6-amd64 --with-arch-directory=amd64 --with-ecj-jar=/usr/share/java/eclipse-ecj.jar --with-target-system-zlib --enable-objc-gc=auto --enable-multiarch --with-arch-32=i686 --with-abi=m64 --with-multilib-list=m32,m64,mx32 --enable-multilib --with-tune=generic --enable-checking=release --build=x86_64-linux-gnu --host=x86_64-linux-gnu --target=x86_64-linux-gnu
Thread model: posix
gcc version 6.3.0 20170516 (Debian 6.3.0-18+deb9u1) 
configure:2706: $? = 0
configure:2695: cc -V >&5
cc: error: unrecognized command line option '-V'
cc: fatal error: no input files
compilation terminated.
configure:2706: $? = 1
configure:2695: cc -qversion >&5
cc: error: unrecognized command line option '-qversion'; did you mean '--version'?
cc: fatal error: no input files
compilation terminated.
configure:2706: $? = 1
configure:2726: checking whether the C compiler works
configure:2748: cc    conftest.c  >&5
configure:2752: $? = 0
configure:2800: result: yes
configure:2803: checking for C compiler default output file name
configure:2805: result: a.out
configure:2811: checking for suffix of executables
configure:2818: cc -o conftest    conftest.c  >&5
configure:2822: $? = 0
configure:2844: result: 
configure:2866: checking whether we are cross compiling
configure:2874: cc -o conftest    conftest.c  >&5
configure:2878: $? = 0
configure:2885: ./conftest
configure:2889: $? = 0
configure:2904: result: no
configure:2909: checking for suffix of object files
configure:2931: cc -c   conftest.c >&5
configure:2935: $? = 0
configure:2956: result: o
configure:2960: checking whether we are using the GNU C compiler
configure:2979: cc -c   conftest.c >&5
configure:2979: $? = 0
configure:2988: result: yes
configure:2997: checking whether cc accepts -g
configure:3017: cc -c -g  conftest.c >&5
configure:3017: $? = 0
configure:3058: result: yes
configure:3075: checking for cc option to accept ISO C89
configure:3138: cc  -c -g -O2  conftest.c >&5
configure:3138: $? = 0
configure:3151: result: none needed
configure:3177: checking how to run the C preprocessor
configure:3208: cc -E  conftest.c
configure:3208: $? = 0
configure:3222: cc -E  conftest.c
conftest.c:9:28: fatal error: ac_nonexistent.h: No such file or directory
 #include <ac_nonexistent.h>
                            ^
compilation terminated.
configure:3222: $? = 1
configure: failed program was:
| /* confdefs.h */
| #define PACKAGE_NAME ""
| #define PACKAGE_TARNAME ""
| #define PACKAGE_VERSION ""
| #define PACKAGE_STRING ""
| #define PACKAGE_BUGREPORT ""
| #define PACKAGE_URL ""
| /* end confdefs.h.  */
| #include <ac_nonexistent.h>
configure:3247: result: cc -E
configure:3267: cc -E  conftest.c
configure:3267: $? = 0
configure:3281: cc -E  conftest.c
conftest.c:9:28: fatal error: ac_nonexistent.h: No such file or directory
 #include <ac_nonexistent.h>
                            ^
compilation terminated.
configure:3281: $? = 1
configure: failed program was:
| /* confdefs.h */
| #define PACKAGE_NAME ""
| #define PACKAGE_TARNAME ""
| #define PACKAGE_VERSION ""
| #define PACKAGE_STRING ""
| #define PACKAGE_BUGREPORT ""
| #define PACKAGE_URL ""
| /* end confdefs.h.  */
| #include <ac_nonexistent.h>
configure:3312: checking for icc
configure:3321: result: no
configure:3335: checking for suncc
configure:3344: result: no
configure:3362: checking whether cc understands -c and -o together
configure:3390: cc -c conftest.c -o conftest2.o >&5
configure:3394: $? = 0
configure:3400: cc -c conftest.c -o conftest2.o >&5
configure:3404: $? = 0
configure:3459: result: yes
configure:3473: checking for system library directory
configure:3488: result: lib
configure:3495: checking if compiler supports -R
configure:3514: cc -o conftest -g -O2   conftest.c -R /usr/lib  >&5
cc: error: unrecognized command line option '-R'; did you mean '-R'?
configure:3514: $? = 1
configure: failed program was:
| /* confdefs.h */
| #define PACKAGE_NAME ""
| #define PACKAGE_TARNAME ""
| #define PACKAGE_VERSION ""
| #define PACKAGE_STRING ""
| #define PACKAGE_BUGREPORT ""
| #define PACKAGE_URL ""
| /* end confdefs.h.  */
| 
| int
| main ()
| {
| 
|   ;
|   return 0;
| }
configure:3524: result: no
configure:3529: checking if compiler supports -Wl,-rpath,
configure:3548: cc -o conftest -g -O2   conftest.c -Wl,-rpath,/usr/lib  >&5
configure:3548: $? = 0
configure:3558: result: yes
configure:3603: checking build system type
configure:3617: result: x86_64-unknown-linux-gnu
configure:3637: checking host system type
configure:3650: result: x86_64-unknown-linux-gnu
configure:3670: checking target system type
configure:3683: result: x86_64-unknown-linux-gnu
configure:3786: checking for PHP prefix
configure:3788: result: /usr/local
configure:3790: checking for PHP includes
configure:3792: result: -I/usr/local/include/php -I/usr/local/include/php/main -I/usr/local/include/php/TSRM -I/usr/local/include/php/Zend -I/usr/local/include/php/ext -I/usr/local/include/php/ext/date/lib
configure:3794: checking for PHP extension directory
configure:3796: result: /usr/local/lib/php/extensions/no-debug-non-zts-20170718
configure:3798: checking for PHP installed headers prefix
configure:3800: result: /usr/local/include/php
configure:3803: checking if debug is enabled
configure:3829: result: no
configure:3832: checking if zts is enabled
configure:3858: result: no
configure:3929: checking for re2c
configure:3945: found /usr/bin/re2c
configure:3956: result: re2c
configure:3965: checking for re2c version
configure:3979: result: 0.16 (ok)
configure:3998: checking for gawk
configure:4029: result: no
configure:3998: checking for nawk
configure:4015: found /usr/bin/nawk
configure:4026: result: nawk
configure:4049: checking if nawk is broken
configure:4056: result: no
configure:4069: checking whether to enable the imagick extension
configure:4109: result: yes, shared
configure:4163: checking for pkg-config
configure:4181: found /usr/bin/pkg-config
configure:4194: result: /usr/bin/pkg-config
configure:4212: checking ImageMagick MagickWand API configuration program
configure:4218: checking Testing /opt/local/bin/MagickWand-config
configure:4227: result: Doesn't exist
configure:4230: checking Testing /opt/local/bin/Wand-config
configure:4239: result: Doesn't exist
configure:4218: checking Testing /usr/local/bin/MagickWand-config
configure:4227: result: Doesn't exist
configure:4230: checking Testing /usr/local/bin/Wand-config
configure:4239: result: Doesn't exist
configure:4218: checking Testing /usr/bin/MagickWand-config
configure:4227: result: Doesn't exist
configure:4230: checking Testing /usr/bin/Wand-config
configure:4239: result: Doesn't exist
configure:4218: checking Testing /usr/sbin/bin/MagickWand-config
configure:4227: result: Doesn't exist
configure:4230: checking Testing /usr/sbin/bin/Wand-config
configure:4239: result: Doesn't exist
configure:4218: checking Testing /opt/bin/MagickWand-config
configure:4227: result: Doesn't exist
configure:4230: checking Testing /opt/bin/Wand-config
configure:4239: result: Doesn't exist
configure:4218: checking Testing /opt/local/bin/MagickWand-config
configure:4227: result: Doesn't exist
configure:4230: checking Testing /opt/local/bin/Wand-config
configure:4239: result: Doesn't exist
configure:4273: error: not found. Please provide a path to MagickWand-config or Wand-config program.

## ---------------- ##
## Cache variables. ##
## ---------------- ##

ac_cv_build=x86_64-unknown-linux-gnu
ac_cv_c_compiler_gnu=yes
ac_cv_env_CC_set=
ac_cv_env_CC_value=
ac_cv_env_CFLAGS_set=
ac_cv_env_CFLAGS_value=
ac_cv_env_CPPFLAGS_set=
ac_cv_env_CPPFLAGS_value=
ac_cv_env_CPP_set=
ac_cv_env_CPP_value=
ac_cv_env_LDFLAGS_set=
ac_cv_env_LDFLAGS_value=
ac_cv_env_LIBS_set=
ac_cv_env_LIBS_value=
ac_cv_env_build_alias_set=
ac_cv_env_build_alias_value=
ac_cv_env_host_alias_set=
ac_cv_env_host_alias_value=
ac_cv_env_target_alias_set=
ac_cv_env_target_alias_value=
ac_cv_host=x86_64-unknown-linux-gnu
ac_cv_objext=o
ac_cv_path_EGREP='/bin/grep -E'
ac_cv_path_GREP=/bin/grep
ac_cv_path_PKG_CONFIG=/usr/bin/pkg-config
ac_cv_prog_AWK=nawk
ac_cv_prog_CPP='cc -E'
ac_cv_prog_RE2C=re2c
ac_cv_prog_ac_ct_CC=cc
ac_cv_prog_cc_c89=
ac_cv_prog_cc_cc_c_o=yes
ac_cv_prog_cc_g=yes
ac_cv_target=x86_64-unknown-linux-gnu
lt_cv_path_SED=/bin/sed
php_cv_cc_dashr=no
php_cv_cc_rpath=yes
php_cv_re2c_version='0.16 (ok)'

## ----------------- ##
## Output variables. ##
## ----------------- ##

AR=''
AWK='nawk'
CC='cc'
CFLAGS='-g -O2'
CONFIGURE_COMMAND=' '\''./configure'\''  '\''--with-imagick=/opt/local'\'''
CONFIGURE_OPTIONS=' '\''--with-imagick=/opt/local'\'''
CPP='cc -E'
CPPFLAGS=''
DEFS=''
DSYMUTIL=''
ECHO='echo'
ECHO_C=''
ECHO_N='-n'
ECHO_T=''
EGREP='/bin/grep -E'
EXEEXT=''
GREP='/bin/grep'
LDFLAGS=''
LIBOBJS=''
LIBS=''
LIBTOOL=''
LN_S=''
LTLIBOBJS=''
NMEDIT=''
OBJEXT='o'
PACKAGE_BUGREPORT=''
PACKAGE_NAME=''
PACKAGE_STRING=''
PACKAGE_TARNAME=''
PACKAGE_URL=''
PACKAGE_VERSION=''
PATH_SEPARATOR=':'
PKG_CONFIG='/usr/bin/pkg-config'
RANLIB=''
RE2C='re2c'
SED='/bin/sed'
SHELL='/bin/bash'
SHLIB_DL_SUFFIX_NAME='so'
SHLIB_SUFFIX_NAME='so'
STRIP=''
ac_ct_CC='cc'
bindir='${exec_prefix}/bin'
build='x86_64-unknown-linux-gnu'
build_alias=''
build_cpu='x86_64'
build_os='linux-gnu'
build_vendor='unknown'
datadir='${datarootdir}'
datarootdir='${prefix}/share'
docdir='${datarootdir}/doc/${PACKAGE}'
dvidir='${docdir}'
exec_prefix='NONE'
host='x86_64-unknown-linux-gnu'
host_alias='x86_64-unknown-linux-gnu'
host_cpu='x86_64'
host_os='linux-gnu'
host_vendor='unknown'
htmldir='${docdir}'
includedir='${prefix}/include'
infodir='${datarootdir}/info'
libdir='${exec_prefix}/lib'
libexecdir='${exec_prefix}/libexec'
localedir='${datarootdir}/locale'
localstatedir='${prefix}/var'
mandir='${datarootdir}/man'
oldincludedir='/usr/include'
pdfdir='${docdir}'
prefix='/usr/local'
program_transform_name='s,x,x,'
psdir='${docdir}'
runstatedir='${localstatedir}/run'
sbindir='${exec_prefix}/sbin'
sharedstatedir='${prefix}/com'
sysconfdir='${prefix}/etc'
target='x86_64-unknown-linux-gnu'
target_alias=''
target_cpu='x86_64'
target_os='linux-gnu'
target_vendor='unknown'

## ----------- ##
## confdefs.h. ##
## ----------- ##

/* confdefs.h */
#define PACKAGE_NAME ""
#define PACKAGE_TARNAME ""
#define PACKAGE_VERSION ""
#define PACKAGE_STRING ""
#define PACKAGE_BUGREPORT ""
#define PACKAGE_URL ""

configure: exit 1
